<?xml version="1.0" encoding="UTF-8"?>
<!-- Generated by org.testng.reporters.JUnitXMLReporter -->
<testsuite ignored="5" hostname="DESKTOP-8QIQ87H" failures="0" tests="3" name="Surefire test" time="5.293" errors="0" timestamp="2023-06-20T15:42:18 PKT">
  <testcase classname="com.restassured.usermanagment.api.testcases.UseCaseManagmentTest" name="createUsecase" time="3.303"/>
  <testcase classname="com.restassured.usermanagment.api.testcases.UseCaseManagmentTest" name="getAllUseCases" time="0.412"/>
  <testcase classname="com.restassured.usermanagment.api.testcases.UseCaseManagmentTest" name="updateUseCase" time="1.443"/>
  <testcase classname="com.restassured.usermanagment.api.testcases.UserManagemantTest" name="Test04" time="0.0">
    <ignored/>
  </testcase> <!-- Test04 -->
  <testcase classname="com.restassured.usermanagment.api.testcases.UserManagemantTest" name="Test01" time="0.0">
    <ignored/>
  </testcase> <!-- Test01 -->
  <testcase classname="com.restassured.usermanagment.api.testcases.UseCaseManagmentTest" name="dbConnection" time="0.0">
    <ignored/>
  </testcase> <!-- dbConnection -->
  <testcase classname="com.restassured.usermanagment.api.testcases.UserManagemantTest" name="Test03" time="0.0">
    <ignored/>
  </testcase> <!-- Test03 -->
  <testcase classname="com.restassured.usermanagment.api.testcases.UserManagemantTest" name="Test02" time="0.0">
    <ignored/>
  </testcase> <!-- Test02 -->
</testsuite> <!-- Surefire test -->
