<?xml version="1.0" encoding="UTF-8"?>
<!-- Generated by org.testng.reporters.JUnitXMLReporter -->
<testsuite ignored="3" hostname="DESKTOP-8QIQ87H" failures="0" tests="1" name="Default test" time="7.396" errors="0" timestamp="2023-06-21T16:39:34 PKT">
  <testcase classname="com.restassured.usermanagment.api.testcases.UseCaseManagmentTest" name="dbConnection" time="7.29"/>
  <testcase classname="com.restassured.usermanagment.api.testcases.UseCaseManagmentTest" name="getAllUseCases" time="0.0">
    <ignored/>
  </testcase> <!-- getAllUseCases -->
  <testcase classname="com.restassured.usermanagment.api.testcases.UseCaseManagmentTest" name="updateUseCase" time="0.0">
    <ignored/>
  </testcase> <!-- updateUseCase -->
  <testcase classname="com.restassured.usermanagment.api.testcases.UseCaseManagmentTest" name="createUsecase" time="0.0">
    <ignored/>
  </testcase> <!-- createUsecase -->
</testsuite> <!-- Default test -->
