<?xml version="1.0" encoding="UTF-8"?>
<!-- Generated by org.testng.reporters.JUnitXMLReporter -->
<testsuite ignored="0" hostname="DESKTOP-8QIQ87H" failures="3" tests="3" name="Test" time="18.685" errors="0" timestamp="2023-06-01T14:31:36 PKT">
  <testcase classname="UserManagement.UserManagemantTest" name="Test01" time="5.386">
    <failure type="java.lang.NullPointerException" message="Cannot invoke &amp;quot;io.restassured.response.Response.asString()&amp;quot; because &amp;quot;response&amp;quot; is null">
      <![CDATA[java.lang.NullPointerException: Cannot invoke "io.restassured.response.Response.asString()" because "response" is null
at UserManagement.UserManagemantTest.Test01(UserManagemantTest.java:23)
at java.base/java.util.ArrayList.forEach(ArrayList.java:1511)
... Removed 27 stack frames]]>
    </failure>
  </testcase> <!-- Test01 -->
  <testcase classname="UserManagement.UserManagemantTest" name="Test02" time="3.266">
    <failure type="java.lang.NullPointerException" message="Cannot invoke &amp;quot;io.restassured.response.Response.getStatusCode()&amp;quot; because &amp;quot;response&amp;quot; is null">
      <![CDATA[java.lang.NullPointerException: Cannot invoke "io.restassured.response.Response.getStatusCode()" because "response" is null
at UserManagement.UserManagemantTest.Test02(UserManagemantTest.java:38)
at java.base/java.util.ArrayList.forEach(ArrayList.java:1511)
... Removed 27 stack frames]]>
    </failure>
  </testcase> <!-- Test02 -->
  <testcase classname="UserManagement.UserManagemantTest" name="Test03" time="9.914">
    <failure type="java.lang.NullPointerException" message="Cannot invoke &amp;quot;io.restassured.response.Response.getStatusCode()&amp;quot; because &amp;quot;response&amp;quot; is null">
      <![CDATA[java.lang.NullPointerException: Cannot invoke "io.restassured.response.Response.getStatusCode()" because "response" is null
at UserManagement.UserManagemantTest.Test03(UserManagemantTest.java:57)
at java.base/java.util.ArrayList.forEach(ArrayList.java:1511)
... Removed 27 stack frames]]>
    </failure>
  </testcase> <!-- Test03 -->
</testsuite> <!-- Test -->
