<?xml version="1.0" encoding="UTF-8"?>
<!-- Generated by org.testng.reporters.JUnitXMLReporter -->
<testsuite ignored="4" hostname="DESKTOP-8QIQ87H" failures="0" tests="3" name="UserManagement API Testcases" time="11.434" errors="0" timestamp="2023-06-14T10:02:41 PKT">
  <testcase classname="com.restassured.usermanagment.api.testcases.UseCaseManagmentTest" name="createUsecase" time="2.893"/>
  <testcase classname="com.restassured.usermanagment.api.testcases.UseCaseManagmentTest" name="getAllUseCases" time="2.538"/>
  <testcase classname="com.restassured.usermanagment.api.testcases.UseCaseManagmentTest" name="updateUseCase" time="5.891"/>
  <testcase classname="com.restassured.usermanagment.api.testcases.UserManagemantTest" name="Test03" time="0.0">
    <ignored/>
  </testcase> <!-- Test03 -->
  <testcase classname="com.restassured.usermanagment.api.testcases.UserManagemantTest" name="Test04" time="0.0">
    <ignored/>
  </testcase> <!-- Test04 -->
  <testcase classname="com.restassured.usermanagment.api.testcases.UserManagemantTest" name="Test02" time="0.0">
    <ignored/>
  </testcase> <!-- Test02 -->
  <testcase classname="com.restassured.usermanagment.api.testcases.UserManagemantTest" name="Test01" time="0.0">
    <ignored/>
  </testcase> <!-- Test01 -->
</testsuite> <!-- UserManagement API Testcases -->
