<?xml version="1.0" encoding="UTF-8"?>
<testsuite xmlns:xsi="http://www.w3.org/2001/XMLSchema-instance" xsi:noNamespaceSchemaLocation="https://maven.apache.org/surefire/maven-surefire-plugin/xsd/surefire-test-report-3.0.xsd" version="3.0" name="TestSuite" time="5.879" tests="3" errors="0" skipped="0" failures="0">
  <properties>
[...]
</properties>
  <testcase name="createUsecase" classname="com.restassured.usermanagment.api.testcases.UseCaseManagmentTest" time="3.32">
    <system-out><![CDATA[filename  :C:\Users\Lenovo\git\repository\AIS_Test\src\main\resources\config.properties
Test Returing value from key [AUTH_TOKEN] :Bearer oBMLUgzWWOl5xl4K0KZRZpxpVUTj9Wd8jlxjJEY+q3Ga1rBKVisip76IKq52cnKp/qRyecP4NIzs+zETO7izpvqN7pRIex/CMDLco63aVdMYNpe+E31KQTBeZ00uiCdCcWgE0CPRRupo6+BJhWiQKQ==
HTTP/1.1 200 OK
Access-Control-Allow-Headers: *
Date: Tue, 20 Jun 2023 10:42:15 GMT
Connection: keep-alive
Access-Control-Allow-Origin: *
Vary: Origin
Vary: Access-Control-Request-Method
Vary: Access-Control-Request-Headers
Access-Control-Allow-Credentials: true
Transfer-Encoding: chunked
Content-Type: application/json
Access-Control-Allow-Methods: *
Access-Control-Max-Age: 3600

{
    "responseCode": "0000",
    "message": "Success",
    "channel": null,
    "terminal": null,
    "transactionDate": null,
    "reterivalReferenceNumber": null,
    "payLoad": {
        "mcConfigId": 132,
        "configDescription": null,
        "configName": null,
        "createdate": "2023-06-20T10:42:15.085+00:00",
        "createuser": 18,
        "formName": "TRANS_LIMIT",
        "isActive": "Y",
        "lastupdatedate": null,
        "lastupdateuser": null,
        "requestType": "",
        "tableName": "TBL_TRANS_LIMIT",
        "updateindex": null
    },
    "errors": null,
    "checkSum": null
}
{
    "responseCode": "0000",
    "message": "Success",
    "channel": null,
    "terminal": null,
    "transactionDate": null,
    "reterivalReferenceNumber": null,
    "payLoad": {
        "mcConfigId": 132,
        "configDescription": null,
        "configName": null,
        "createdate": "2023-06-20T10:42:15.085+00:00",
        "createuser": 18,
        "formName": "TRANS_LIMIT",
        "isActive": "Y",
        "lastupdatedate": null,
        "lastupdateuser": null,
        "requestType": "",
        "tableName": "TBL_TRANS_LIMIT",
        "updateindex": null
    },
    "errors": null,
    "checkSum": null
}
TBL_TRANS_LIMIT
HTTP/1.1 200 OK
Access-Control-Allow-Headers: *
Date: Tue, 20 Jun 2023 10:42:16 GMT
Connection: keep-alive
Access-Control-Allow-Origin: *
Vary: Origin
Vary: Access-Control-Request-Method
Vary: Access-Control-Request-Headers
Access-Control-Allow-Credentials: true
Transfer-Encoding: chunked
Content-Type: application/json
Access-Control-Allow-Methods: *
Access-Control-Max-Age: 3600

{
    "responseCode": "0000",
    "message": "Success",
    "channel": null,
    "terminal": null,
    "transactionDate": null,
    "reterivalReferenceNumber": null,
    "payLoad": [
        {
            "mcConfigId": 128,
            "configDescription": null,
            "configName": null,
            "createdate": "2023-06-20",
            "createuser": 18,
            "formName": "TRANS_LIMIT",
            "isActive": "Y",
            "lastupdatedate": null,
            "lastupdateuser": null,
            "requestType": null,
            "tableName": "TBL_TRANS_LIMIT",
            "updateindex": null
        },
        {
            "mcConfigId": 129,
            "configDescription": null,
            "configName": null,
            "createdate": "2023-06-20",
            "createuser": 18,
            "formName": "USER",
            "isActive": "N",
            "lastupdatedate": "2023-06-20",
            "lastupdateuser": 18,
            "requestType": null,
            "tableName": "TBL_USER",
            "updateindex": 1
        },
        {
            "mcConfigId": 130,
            "configDescription": null,
            "configName": null,
            "createdate": "2023-06-20",
            "createuser": 18,
            "formName": "TRANS_LIMIT",
            "isActive": "Y",
            "lastupdatedate": null,
            "lastupdateuser": null,
            "requestType": null,
            "tableName": "TBL_TRANS_LIMIT",
            "updateindex": null
        },
        {
            "mcConfigId": 131,
            "configDescription": null,
            "configName": null,
            "createdate": "2023-06-20",
            "createuser": 18,
            "formName": "USER",
            "isActive": "N",
            "lastupdatedate": "2023-06-20",
            "lastupdateuser": 18,
            "requestType": null,
            "tableName": "TBL_USER",
            "updateindex": 1
        },
        {
            "mcConfigId": 126,
            "configDescription": null,
            "configName": null,
            "createdate": "2023-06-20",
            "createuser": 18,
            "formName": "TRANS_LIMIT",
            "isActive": "Y",
            "lastupdatedate": null,
            "lastupdateuser": null,
            "requestType": null,
            "tableName": "TBL_TRANS_LIMIT",
            "updateindex": null
        },
        {
            "mcConfigId": 127,
            "configDescription": null,
            "configName": null,
            "createdate": "2023-06-20",
            "createuser": 18,
            "formName": "USER",
            "isActive": "N",
            "lastupdatedate": "2023-06-20",
            "lastupdateuser": 18,
            "requestType": null,
            "tableName": "TBL_USER",
            "updateindex": 1
        },
        {
            "mcConfigId": 122,
            "configDescription": null,
            "configName": null,
            "createdate": "2023-06-20",
            "createuser": 18,
            "formName": "TRANS_LIMIT",
            "isActive": "Y",
            "lastupdatedate": null,
            "lastupdateuser": null,
            "requestType": null,
            "tableName": "TBL_TRANS_LIMIT",
            "updateindex": null
        },
        {
            "mcConfigId": 123,
            "configDescription": null,
            "configName": null,
            "createdate": "2023-06-20",
            "createuser": 18,
            "formName": "USER",
            "isActive": "N",
            "lastupdatedate": "2023-06-20",
            "lastupdateuser": 18,
            "requestType": null,
            "tableName": "TBL_USER",
            "updateindex": 1
        },
        {
            "mcConfigId": 124,
            "configDescription": null,
            "configName": null,
            "createdate": "2023-06-20",
            "createuser": 18,
            "formName": "TRANS_LIMIT",
            "isActive": "Y",
            "lastupdatedate": null,
            "lastupdateuser": null,
            "requestType": null,
            "tableName": "TBL_TRANS_LIMIT",
            "updateindex": null
        },
        {
            "mcConfigId": 125,
            "configDescription": null,
            "configName": null,
            "createdate": "2023-06-20",
            "createuser": 18,
            "formName": "USER",
            "isActive": "N",
            "lastupdatedate": "2023-06-20",
            "lastupdateuser": 18,
            "requestType": null,
            "tableName": "TBL_USER",
            "updateindex": 1
        },
        {
            "mcConfigId": 121,
            "configDescription": null,
            "configName": null,
            "createdate": "2023-06-20",
            "createuser": 18,
            "formName": "USER",
            "isActive": "N",
            "lastupdatedate": "2023-06-20",
            "lastupdateuser": 18,
            "requestType": null,
            "tableName": "TBL_USER",
            "updateindex": 1
        },
        {
            "mcConfigId": 120,
            "configDescription": null,
            "configName": null,
            "createdate": "2023-06-20",
            "createuser": 18,
            "formName": "TRANS_LIMIT",
            "isActive": "Y",
            "lastupdatedate": null,
            "lastupdateuser": null,
            "requestType": null,
            "tableName": "TBL_TRANS_LIMIT",
            "updateindex": null
        },
        {
            "mcConfigId": 132,
            "configDescription": null,
            "configName": null,
            "createdate": "2023-06-20",
            "createuser": 18,
            "formName": "TRANS_LIMIT",
            "isActive": "Y",
            "lastupdatedate": null,
            "lastupdateuser": null,
            "requestType": null,
            "tableName": "TBL_TRANS_LIMIT",
            "updateindex": null
        },
        {
            "mcConfigId": 110,
            "configDescription": null,
            "configName": null,
            "createdate": "2023-06-20",
            "createuser": 18,
            "formName": "TRANS_LIMIT",
            "isActive": "Y",
            "lastupdatedate": null,
            "lastupdateuser": null,
            "requestType": null,
            "tableName": "TBL_TRANS_LIMIT",
            "updateindex": null
        },
        {
            "mcConfigId": 111,
            "configDescription": null,
            "configName": null,
            "createdate": "2023-06-20",
            "createuser": 18,
            "formName": "USER",
            "isActive": "N",
            "lastupdatedate": "2023-06-20",
            "lastupdateuser": 18,
            "requestType": null,
            "tableName": "TBL_USER",
            "updateindex": 1
        },
        {
            "mcConfigId": 112,
            "configDescription": null,
            "configName": null,
            "createdate": "2023-06-20",
            "createuser": 18,
            "formName": "TRANS_LIMIT",
            "isActive": "Y",
            "lastupdatedate": null,
            "lastupdateuser": null,
            "requestType": null,
            "tableName": "TBL_TRANS_LIMIT",
            "updateindex": null
        },
        {
            "mcConfigId": 113,
            "configDescription": null,
            "configName": null,
            "createdate": "2023-06-20",
            "createuser": 18,
            "formName": "USER",
            "isActive": "N",
            "lastupdatedate": "2023-06-20",
            "lastupdateuser": 18,
            "requestType": null,
            "tableName": "TBL_USER",
            "updateindex": 1
        },
        {
            "mcConfigId": 114,
            "configDescription": null,
            "configName": null,
            "createdate": "2023-06-20",
            "createuser": 18,
            "formName": "TRANS_LIMIT",
            "isActive": "Y",
            "lastupdatedate": null,
            "lastupdateuser": null,
            "requestType": null,
            "tableName": "TBL_TRANS_LIMIT",
            "updateindex": null
        },
        {
            "mcConfigId": 115,
            "configDescription": null,
            "configName": null,
            "createdate": "2023-06-20",
            "createuser": 18,
            "formName": "USER",
            "isActive": "N",
            "lastupdatedate": "2023-06-20",
            "lastupdateuser": 18,
            "requestType": null,
            "tableName": "TBL_USER",
            "updateindex": 1
        },
        {
            "mcConfigId": 116,
            "configDescription": null,
            "configName": null,
            "createdate": "2023-06-20",
            "createuser": 18,
            "formName": "TRANS_LIMIT",
            "isActive": "Y",
            "lastupdatedate": null,
            "lastupdateuser": null,
            "requestType": null,
            "tableName": "TBL_TRANS_LIMIT",
            "updateindex": null
        },
        {
            "mcConfigId": 117,
            "configDescription": null,
            "configName": null,
            "createdate": "2023-06-20",
            "createuser": 18,
            "formName": "USER",
            "isActive": "N",
            "lastupdatedate": "2023-06-20",
            "lastupdateuser": 18,
            "requestType": null,
            "tableName": "TBL_USER",
            "updateindex": 1
        },
        {
            "mcConfigId": 118,
            "configDescription": null,
            "configName": null,
            "createdate": "2023-06-20",
            "createuser": 18,
            "formName": "TRANS_LIMIT",
            "isActive": "Y",
            "lastupdatedate": null,
            "lastupdateuser": null,
            "requestType": null,
            "tableName": "TBL_TRANS_LIMIT",
            "updateindex": null
        },
        {
            "mcConfigId": 119,
            "configDescription": null,
            "configName": null,
            "createdate": "2023-06-20",
            "createuser": 18,
            "formName": "USER",
            "isActive": "N",
            "lastupdatedate": "2023-06-20",
            "lastupdateuser": 18,
            "requestType": null,
            "tableName": "TBL_USER",
            "updateindex": 1
        },
        {
            "mcConfigId": 108,
            "configDescription": null,
            "configName": null,
            "createdate": "2023-06-20",
            "createuser": 18,
            "formName": "TRANS_LIMIT",
            "isActive": "Y",
            "lastupdatedate": null,
            "lastupdateuser": null,
            "requestType": null,
            "tableName": "TBL_TRANS_LIMIT",
            "updateindex": null
        },
        {
            "mcConfigId": 109,
            "configDescription": null,
            "configName": null,
            "createdate": "2023-06-20",
            "createuser": 18,
            "formName": "USER",
            "isActive": "N",
            "lastupdatedate": "2023-06-20",
            "lastupdateuser": 18,
            "requestType": null,
            "tableName": "TBL_USER",
            "updateindex": 1
        }
    ],
    "errors": null,
    "checkSum": null
}
]]></system-out>
    <system-err><![CDATA[SLF4J: Failed to load class "org.slf4j.impl.StaticLoggerBinder".
SLF4J: Defaulting to no-operation (NOP) logger implementation
SLF4J: See http://www.slf4j.org/codes.html#StaticLoggerBinder for further details.
]]></system-err>
  </testcase>
  <testcase name="getAllUseCases" classname="com.restassured.usermanagment.api.testcases.UseCaseManagmentTest" time="0.448">
    <system-out><![CDATA[filename  :C:\Users\Lenovo\git\repository\AIS_Test\src\main\resources\config.properties
Test Returing value from key [AUTH_TOKEN] :Bearer oBMLUgzWWOl5xl4K0KZRZpxpVUTj9Wd8jlxjJEY+q3Ga1rBKVisip76IKq52cnKp/qRyecP4NIzs+zETO7izpvqN7pRIex/CMDLco63aVdMYNpe+E31KQTBeZ00uiCdCcWgE0CPRRupo6+BJhWiQKQ==
HTTP/1.1 200 OK
Access-Control-Allow-Headers: *
Date: Tue, 20 Jun 2023 10:42:16 GMT
Connection: keep-alive
Access-Control-Allow-Origin: *
Vary: Origin
Vary: Access-Control-Request-Method
Vary: Access-Control-Request-Headers
Access-Control-Allow-Credentials: true
Transfer-Encoding: chunked
Content-Type: application/json
Access-Control-Allow-Methods: *
Access-Control-Max-Age: 3600

{
    "responseCode": "0000",
    "message": "Success",
    "channel": null,
    "terminal": null,
    "transactionDate": null,
    "reterivalReferenceNumber": null,
    "payLoad": [
        {
            "mcConfigId": 128,
            "configDescription": null,
            "configName": null,
            "createdate": "2023-06-20",
            "createuser": 18,
            "formName": "TRANS_LIMIT",
            "isActive": "Y",
            "lastupdatedate": null,
            "lastupdateuser": null,
            "requestType": null,
            "tableName": "TBL_TRANS_LIMIT",
            "updateindex": null
        },
        {
            "mcConfigId": 129,
            "configDescription": null,
            "configName": null,
            "createdate": "2023-06-20",
            "createuser": 18,
            "formName": "USER",
            "isActive": "N",
            "lastupdatedate": "2023-06-20",
            "lastupdateuser": 18,
            "requestType": null,
            "tableName": "TBL_USER",
            "updateindex": 1
        },
        {
            "mcConfigId": 130,
            "configDescription": null,
            "configName": null,
            "createdate": "2023-06-20",
            "createuser": 18,
            "formName": "TRANS_LIMIT",
            "isActive": "Y",
            "lastupdatedate": null,
            "lastupdateuser": null,
            "requestType": null,
            "tableName": "TBL_TRANS_LIMIT",
            "updateindex": null
        },
        {
            "mcConfigId": 131,
            "configDescription": null,
            "configName": null,
            "createdate": "2023-06-20",
            "createuser": 18,
            "formName": "USER",
            "isActive": "N",
            "lastupdatedate": "2023-06-20",
            "lastupdateuser": 18,
            "requestType": null,
            "tableName": "TBL_USER",
            "updateindex": 1
        },
        {
            "mcConfigId": 126,
            "configDescription": null,
            "configName": null,
            "createdate": "2023-06-20",
            "createuser": 18,
            "formName": "TRANS_LIMIT",
            "isActive": "Y",
            "lastupdatedate": null,
            "lastupdateuser": null,
            "requestType": null,
            "tableName": "TBL_TRANS_LIMIT",
            "updateindex": null
        },
        {
            "mcConfigId": 127,
            "configDescription": null,
            "configName": null,
            "createdate": "2023-06-20",
            "createuser": 18,
            "formName": "USER",
            "isActive": "N",
            "lastupdatedate": "2023-06-20",
            "lastupdateuser": 18,
            "requestType": null,
            "tableName": "TBL_USER",
            "updateindex": 1
        },
        {
            "mcConfigId": 122,
            "configDescription": null,
            "configName": null,
            "createdate": "2023-06-20",
            "createuser": 18,
            "formName": "TRANS_LIMIT",
            "isActive": "Y",
            "lastupdatedate": null,
            "lastupdateuser": null,
            "requestType": null,
            "tableName": "TBL_TRANS_LIMIT",
            "updateindex": null
        },
        {
            "mcConfigId": 123,
            "configDescription": null,
            "configName": null,
            "createdate": "2023-06-20",
            "createuser": 18,
            "formName": "USER",
            "isActive": "N",
            "lastupdatedate": "2023-06-20",
            "lastupdateuser": 18,
            "requestType": null,
            "tableName": "TBL_USER",
            "updateindex": 1
        },
        {
            "mcConfigId": 124,
            "configDescription": null,
            "configName": null,
            "createdate": "2023-06-20",
            "createuser": 18,
            "formName": "TRANS_LIMIT",
            "isActive": "Y",
            "lastupdatedate": null,
            "lastupdateuser": null,
            "requestType": null,
            "tableName": "TBL_TRANS_LIMIT",
            "updateindex": null
        },
        {
            "mcConfigId": 125,
            "configDescription": null,
            "configName": null,
            "createdate": "2023-06-20",
            "createuser": 18,
            "formName": "USER",
            "isActive": "N",
            "lastupdatedate": "2023-06-20",
            "lastupdateuser": 18,
            "requestType": null,
            "tableName": "TBL_USER",
            "updateindex": 1
        },
        {
            "mcConfigId": 121,
            "configDescription": null,
            "configName": null,
            "createdate": "2023-06-20",
            "createuser": 18,
            "formName": "USER",
            "isActive": "N",
            "lastupdatedate": "2023-06-20",
            "lastupdateuser": 18,
            "requestType": null,
            "tableName": "TBL_USER",
            "updateindex": 1
        },
        {
            "mcConfigId": 120,
            "configDescription": null,
            "configName": null,
            "createdate": "2023-06-20",
            "createuser": 18,
            "formName": "TRANS_LIMIT",
            "isActive": "Y",
            "lastupdatedate": null,
            "lastupdateuser": null,
            "requestType": null,
            "tableName": "TBL_TRANS_LIMIT",
            "updateindex": null
        },
        {
            "mcConfigId": 132,
            "configDescription": null,
            "configName": null,
            "createdate": "2023-06-20",
            "createuser": 18,
            "formName": "TRANS_LIMIT",
            "isActive": "Y",
            "lastupdatedate": null,
            "lastupdateuser": null,
            "requestType": null,
            "tableName": "TBL_TRANS_LIMIT",
            "updateindex": null
        },
        {
            "mcConfigId": 110,
            "configDescription": null,
            "configName": null,
            "createdate": "2023-06-20",
            "createuser": 18,
            "formName": "TRANS_LIMIT",
            "isActive": "Y",
            "lastupdatedate": null,
            "lastupdateuser": null,
            "requestType": null,
            "tableName": "TBL_TRANS_LIMIT",
            "updateindex": null
        },
        {
            "mcConfigId": 111,
            "configDescription": null,
            "configName": null,
            "createdate": "2023-06-20",
            "createuser": 18,
            "formName": "USER",
            "isActive": "N",
            "lastupdatedate": "2023-06-20",
            "lastupdateuser": 18,
            "requestType": null,
            "tableName": "TBL_USER",
            "updateindex": 1
        },
        {
            "mcConfigId": 112,
            "configDescription": null,
            "configName": null,
            "createdate": "2023-06-20",
            "createuser": 18,
            "formName": "TRANS_LIMIT",
            "isActive": "Y",
            "lastupdatedate": null,
            "lastupdateuser": null,
            "requestType": null,
            "tableName": "TBL_TRANS_LIMIT",
            "updateindex": null
        },
        {
            "mcConfigId": 113,
            "configDescription": null,
            "configName": null,
            "createdate": "2023-06-20",
            "createuser": 18,
            "formName": "USER",
            "isActive": "N",
            "lastupdatedate": "2023-06-20",
            "lastupdateuser": 18,
            "requestType": null,
            "tableName": "TBL_USER",
            "updateindex": 1
        },
        {
            "mcConfigId": 114,
            "configDescription": null,
            "configName": null,
            "createdate": "2023-06-20",
            "createuser": 18,
            "formName": "TRANS_LIMIT",
            "isActive": "Y",
            "lastupdatedate": null,
            "lastupdateuser": null,
            "requestType": null,
            "tableName": "TBL_TRANS_LIMIT",
            "updateindex": null
        },
        {
            "mcConfigId": 115,
            "configDescription": null,
            "configName": null,
            "createdate": "2023-06-20",
            "createuser": 18,
            "formName": "USER",
            "isActive": "N",
            "lastupdatedate": "2023-06-20",
            "lastupdateuser": 18,
            "requestType": null,
            "tableName": "TBL_USER",
            "updateindex": 1
        },
        {
            "mcConfigId": 116,
            "configDescription": null,
            "configName": null,
            "createdate": "2023-06-20",
            "createuser": 18,
            "formName": "TRANS_LIMIT",
            "isActive": "Y",
            "lastupdatedate": null,
            "lastupdateuser": null,
            "requestType": null,
            "tableName": "TBL_TRANS_LIMIT",
            "updateindex": null
        },
        {
            "mcConfigId": 117,
            "configDescription": null,
            "configName": null,
            "createdate": "2023-06-20",
            "createuser": 18,
            "formName": "USER",
            "isActive": "N",
            "lastupdatedate": "2023-06-20",
            "lastupdateuser": 18,
            "requestType": null,
            "tableName": "TBL_USER",
            "updateindex": 1
        },
        {
            "mcConfigId": 118,
            "configDescription": null,
            "configName": null,
            "createdate": "2023-06-20",
            "createuser": 18,
            "formName": "TRANS_LIMIT",
            "isActive": "Y",
            "lastupdatedate": null,
            "lastupdateuser": null,
            "requestType": null,
            "tableName": "TBL_TRANS_LIMIT",
            "updateindex": null
        },
        {
            "mcConfigId": 119,
            "configDescription": null,
            "configName": null,
            "createdate": "2023-06-20",
            "createuser": 18,
            "formName": "USER",
            "isActive": "N",
            "lastupdatedate": "2023-06-20",
            "lastupdateuser": 18,
            "requestType": null,
            "tableName": "TBL_USER",
            "updateindex": 1
        },
        {
            "mcConfigId": 108,
            "configDescription": null,
            "configName": null,
            "createdate": "2023-06-20",
            "createuser": 18,
            "formName": "TRANS_LIMIT",
            "isActive": "Y",
            "lastupdatedate": null,
            "lastupdateuser": null,
            "requestType": null,
            "tableName": "TBL_TRANS_LIMIT",
            "updateindex": null
        },
        {
            "mcConfigId": 109,
            "configDescription": null,
            "configName": null,
            "createdate": "2023-06-20",
            "createuser": 18,
            "formName": "USER",
            "isActive": "N",
            "lastupdatedate": "2023-06-20",
            "lastupdateuser": 18,
            "requestType": null,
            "tableName": "TBL_USER",
            "updateindex": 1
        }
    ],
    "errors": null,
    "checkSum": null
}
{
    "responseCode": "0000",
    "message": "Success",
    "channel": null,
    "terminal": null,
    "transactionDate": null,
    "reterivalReferenceNumber": null,
    "payLoad": [
        {
            "mcConfigId": 128,
            "configDescription": null,
            "configName": null,
            "createdate": "2023-06-20",
            "createuser": 18,
            "formName": "TRANS_LIMIT",
            "isActive": "Y",
            "lastupdatedate": null,
            "lastupdateuser": null,
            "requestType": null,
            "tableName": "TBL_TRANS_LIMIT",
            "updateindex": null
        },
        {
            "mcConfigId": 129,
            "configDescription": null,
            "configName": null,
            "createdate": "2023-06-20",
            "createuser": 18,
            "formName": "USER",
            "isActive": "N",
            "lastupdatedate": "2023-06-20",
            "lastupdateuser": 18,
            "requestType": null,
            "tableName": "TBL_USER",
            "updateindex": 1
        },
        {
            "mcConfigId": 130,
            "configDescription": null,
            "configName": null,
            "createdate": "2023-06-20",
            "createuser": 18,
            "formName": "TRANS_LIMIT",
            "isActive": "Y",
            "lastupdatedate": null,
            "lastupdateuser": null,
            "requestType": null,
            "tableName": "TBL_TRANS_LIMIT",
            "updateindex": null
        },
        {
            "mcConfigId": 131,
            "configDescription": null,
            "configName": null,
            "createdate": "2023-06-20",
            "createuser": 18,
            "formName": "USER",
            "isActive": "N",
            "lastupdatedate": "2023-06-20",
            "lastupdateuser": 18,
            "requestType": null,
            "tableName": "TBL_USER",
            "updateindex": 1
        },
        {
            "mcConfigId": 126,
            "configDescription": null,
            "configName": null,
            "createdate": "2023-06-20",
            "createuser": 18,
            "formName": "TRANS_LIMIT",
            "isActive": "Y",
            "lastupdatedate": null,
            "lastupdateuser": null,
            "requestType": null,
            "tableName": "TBL_TRANS_LIMIT",
            "updateindex": null
        },
        {
            "mcConfigId": 127,
            "configDescription": null,
            "configName": null,
            "createdate": "2023-06-20",
            "createuser": 18,
            "formName": "USER",
            "isActive": "N",
            "lastupdatedate": "2023-06-20",
            "lastupdateuser": 18,
            "requestType": null,
            "tableName": "TBL_USER",
            "updateindex": 1
        },
        {
            "mcConfigId": 122,
            "configDescription": null,
            "configName": null,
            "createdate": "2023-06-20",
            "createuser": 18,
            "formName": "TRANS_LIMIT",
            "isActive": "Y",
            "lastupdatedate": null,
            "lastupdateuser": null,
            "requestType": null,
            "tableName": "TBL_TRANS_LIMIT",
            "updateindex": null
        },
        {
            "mcConfigId": 123,
            "configDescription": null,
            "configName": null,
            "createdate": "2023-06-20",
            "createuser": 18,
            "formName": "USER",
            "isActive": "N",
            "lastupdatedate": "2023-06-20",
            "lastupdateuser": 18,
            "requestType": null,
            "tableName": "TBL_USER",
            "updateindex": 1
        },
        {
            "mcConfigId": 124,
            "configDescription": null,
            "configName": null,
            "createdate": "2023-06-20",
            "createuser": 18,
            "formName": "TRANS_LIMIT",
            "isActive": "Y",
            "lastupdatedate": null,
            "lastupdateuser": null,
            "requestType": null,
            "tableName": "TBL_TRANS_LIMIT",
            "updateindex": null
        },
        {
            "mcConfigId": 125,
            "configDescription": null,
            "configName": null,
            "createdate": "2023-06-20",
            "createuser": 18,
            "formName": "USER",
            "isActive": "N",
            "lastupdatedate": "2023-06-20",
            "lastupdateuser": 18,
            "requestType": null,
            "tableName": "TBL_USER",
            "updateindex": 1
        },
        {
            "mcConfigId": 121,
            "configDescription": null,
            "configName": null,
            "createdate": "2023-06-20",
            "createuser": 18,
            "formName": "USER",
            "isActive": "N",
            "lastupdatedate": "2023-06-20",
            "lastupdateuser": 18,
            "requestType": null,
            "tableName": "TBL_USER",
            "updateindex": 1
        },
        {
            "mcConfigId": 120,
            "configDescription": null,
            "configName": null,
            "createdate": "2023-06-20",
            "createuser": 18,
            "formName": "TRANS_LIMIT",
            "isActive": "Y",
            "lastupdatedate": null,
            "lastupdateuser": null,
            "requestType": null,
            "tableName": "TBL_TRANS_LIMIT",
            "updateindex": null
        },
        {
            "mcConfigId": 132,
            "configDescription": null,
            "configName": null,
            "createdate": "2023-06-20",
            "createuser": 18,
            "formName": "TRANS_LIMIT",
            "isActive": "Y",
            "lastupdatedate": null,
            "lastupdateuser": null,
            "requestType": null,
            "tableName": "TBL_TRANS_LIMIT",
            "updateindex": null
        },
        {
            "mcConfigId": 110,
            "configDescription": null,
            "configName": null,
            "createdate": "2023-06-20",
            "createuser": 18,
            "formName": "TRANS_LIMIT",
            "isActive": "Y",
            "lastupdatedate": null,
            "lastupdateuser": null,
            "requestType": null,
            "tableName": "TBL_TRANS_LIMIT",
            "updateindex": null
        },
        {
            "mcConfigId": 111,
            "configDescription": null,
            "configName": null,
            "createdate": "2023-06-20",
            "createuser": 18,
            "formName": "USER",
            "isActive": "N",
            "lastupdatedate": "2023-06-20",
            "lastupdateuser": 18,
            "requestType": null,
            "tableName": "TBL_USER",
            "updateindex": 1
        },
        {
            "mcConfigId": 112,
            "configDescription": null,
            "configName": null,
            "createdate": "2023-06-20",
            "createuser": 18,
            "formName": "TRANS_LIMIT",
            "isActive": "Y",
            "lastupdatedate": null,
            "lastupdateuser": null,
            "requestType": null,
            "tableName": "TBL_TRANS_LIMIT",
            "updateindex": null
        },
        {
            "mcConfigId": 113,
            "configDescription": null,
            "configName": null,
            "createdate": "2023-06-20",
            "createuser": 18,
            "formName": "USER",
            "isActive": "N",
            "lastupdatedate": "2023-06-20",
            "lastupdateuser": 18,
            "requestType": null,
            "tableName": "TBL_USER",
            "updateindex": 1
        },
        {
            "mcConfigId": 114,
            "configDescription": null,
            "configName": null,
            "createdate": "2023-06-20",
            "createuser": 18,
            "formName": "TRANS_LIMIT",
            "isActive": "Y",
            "lastupdatedate": null,
            "lastupdateuser": null,
            "requestType": null,
            "tableName": "TBL_TRANS_LIMIT",
            "updateindex": null
        },
        {
            "mcConfigId": 115,
            "configDescription": null,
            "configName": null,
            "createdate": "2023-06-20",
            "createuser": 18,
            "formName": "USER",
            "isActive": "N",
            "lastupdatedate": "2023-06-20",
            "lastupdateuser": 18,
            "requestType": null,
            "tableName": "TBL_USER",
            "updateindex": 1
        },
        {
            "mcConfigId": 116,
            "configDescription": null,
            "configName": null,
            "createdate": "2023-06-20",
            "createuser": 18,
            "formName": "TRANS_LIMIT",
            "isActive": "Y",
            "lastupdatedate": null,
            "lastupdateuser": null,
            "requestType": null,
            "tableName": "TBL_TRANS_LIMIT",
            "updateindex": null
        },
        {
            "mcConfigId": 117,
            "configDescription": null,
            "configName": null,
            "createdate": "2023-06-20",
            "createuser": 18,
            "formName": "USER",
            "isActive": "N",
            "lastupdatedate": "2023-06-20",
            "lastupdateuser": 18,
            "requestType": null,
            "tableName": "TBL_USER",
            "updateindex": 1
        },
        {
            "mcConfigId": 118,
            "configDescription": null,
            "configName": null,
            "createdate": "2023-06-20",
            "createuser": 18,
            "formName": "TRANS_LIMIT",
            "isActive": "Y",
            "lastupdatedate": null,
            "lastupdateuser": null,
            "requestType": null,
            "tableName": "TBL_TRANS_LIMIT",
            "updateindex": null
        },
        {
            "mcConfigId": 119,
            "configDescription": null,
            "configName": null,
            "createdate": "2023-06-20",
            "createuser": 18,
            "formName": "USER",
            "isActive": "N",
            "lastupdatedate": "2023-06-20",
            "lastupdateuser": 18,
            "requestType": null,
            "tableName": "TBL_USER",
            "updateindex": 1
        },
        {
            "mcConfigId": 108,
            "configDescription": null,
            "configName": null,
            "createdate": "2023-06-20",
            "createuser": 18,
            "formName": "TRANS_LIMIT",
            "isActive": "Y",
            "lastupdatedate": null,
            "lastupdateuser": null,
            "requestType": null,
            "tableName": "TBL_TRANS_LIMIT",
            "updateindex": null
        },
        {
            "mcConfigId": 109,
            "configDescription": null,
            "configName": null,
            "createdate": "2023-06-20",
            "createuser": 18,
            "formName": "USER",
            "isActive": "N",
            "lastupdatedate": "2023-06-20",
            "lastupdateuser": 18,
            "requestType": null,
            "tableName": "TBL_USER",
            "updateindex": 1
        }
    ],
    "errors": null,
    "checkSum": null
}
]]></system-out>
  </testcase>
  <testcase name="updateUseCase" classname="com.restassured.usermanagment.api.testcases.UseCaseManagmentTest" time="1.427">
    <system-out><![CDATA[filename  :C:\Users\Lenovo\git\repository\AIS_Test\src\main\resources\config.properties
Test Returing value from key [AUTH_TOKEN] :Bearer oBMLUgzWWOl5xl4K0KZRZpxpVUTj9Wd8jlxjJEY+q3Ga1rBKVisip76IKq52cnKp/qRyecP4NIzs+zETO7izpvqN7pRIex/CMDLco63aVdMYNpe+E31KQTBeZ00uiCdCcWgE0CPRRupo6+BJhWiQKQ==
HTTP/1.1 200 OK
Access-Control-Allow-Headers: *
Date: Tue, 20 Jun 2023 10:42:17 GMT
Connection: keep-alive
Access-Control-Allow-Origin: *
Vary: Origin
Vary: Access-Control-Request-Method
Vary: Access-Control-Request-Headers
Access-Control-Allow-Credentials: true
Transfer-Encoding: chunked
Content-Type: application/json
Access-Control-Allow-Methods: *
Access-Control-Max-Age: 3600

{
    "responseCode": "0000",
    "message": "Success",
    "channel": null,
    "terminal": null,
    "transactionDate": null,
    "reterivalReferenceNumber": null,
    "payLoad": {
        "mcConfigId": 133,
        "configDescription": null,
        "configName": null,
        "createdate": "2023-06-20T10:42:17.370+00:00",
        "createuser": 18,
        "formName": "TRANS_LIMIT",
        "isActive": "Y",
        "lastupdatedate": null,
        "lastupdateuser": null,
        "requestType": "",
        "tableName": "TBL_TRANS_LIMIT",
        "updateindex": null
    },
    "errors": null,
    "checkSum": null
}
{
    "responseCode": "0000",
    "message": "Success",
    "channel": null,
    "terminal": null,
    "transactionDate": null,
    "reterivalReferenceNumber": null,
    "payLoad": {
        "mcConfigId": 133,
        "configDescription": null,
        "configName": null,
        "createdate": "2023-06-20T10:42:17.370+00:00",
        "createuser": 18,
        "formName": "TRANS_LIMIT",
        "isActive": "Y",
        "lastupdatedate": null,
        "lastupdateuser": null,
        "requestType": "",
        "tableName": "TBL_TRANS_LIMIT",
        "updateindex": null
    },
    "errors": null,
    "checkSum": null
}
TBL_TRANS_LIMIT
Updated Json Body ==>{"data":{"payLoad":{"tableName":"TBL_USER","formName":"USER","requestType":"","isActive":"N","mcConfigId":133}}}
HTTP/1.1 200 OK
Access-Control-Allow-Headers: *
Date: Tue, 20 Jun 2023 10:42:17 GMT
Connection: keep-alive
Access-Control-Allow-Origin: *
Vary: Origin
Vary: Access-Control-Request-Method
Vary: Access-Control-Request-Headers
Access-Control-Allow-Credentials: true
Transfer-Encoding: chunked
Content-Type: application/json
Access-Control-Allow-Methods: *
Access-Control-Max-Age: 3600

{
    "responseCode": "0000",
    "message": "Success",
    "channel": null,
    "terminal": null,
    "transactionDate": null,
    "reterivalReferenceNumber": null,
    "payLoad": {
        "mcConfigId": 133,
        "configDescription": null,
        "configName": null,
        "createdate": "2023-06-20",
        "createuser": 18,
        "formName": "USER",
        "isActive": "N",
        "lastupdatedate": "2023-06-20T10:42:17.894+00:00",
        "lastupdateuser": 18,
        "requestType": "",
        "tableName": "TBL_USER",
        "updateindex": 1
    },
    "errors": null,
    "checkSum": null
}
Response from Updated Api==>{
    "responseCode": "0000",
    "message": "Success",
    "channel": null,
    "terminal": null,
    "transactionDate": null,
    "reterivalReferenceNumber": null,
    "payLoad": {
        "mcConfigId": 133,
        "configDescription": null,
        "configName": null,
        "createdate": "2023-06-20",
        "createuser": 18,
        "formName": "USER",
        "isActive": "N",
        "lastupdatedate": "2023-06-20T10:42:17.894+00:00",
        "lastupdateuser": 18,
        "requestType": "",
        "tableName": "TBL_USER",
        "updateindex": 1
    },
    "errors": null,
    "checkSum": null
}
Updated tabel name ==>TBL_USER
HTTP/1.1 200 OK
Access-Control-Allow-Headers: *
Date: Tue, 20 Jun 2023 10:42:18 GMT
Connection: keep-alive
Access-Control-Allow-Origin: *
Vary: Origin
Vary: Access-Control-Request-Method
Vary: Access-Control-Request-Headers
Access-Control-Allow-Credentials: true
Transfer-Encoding: chunked
Content-Type: application/json
Access-Control-Allow-Methods: *
Access-Control-Max-Age: 3600

{
    "responseCode": "0000",
    "message": "Success",
    "channel": null,
    "terminal": null,
    "transactionDate": null,
    "reterivalReferenceNumber": null,
    "payLoad": [
        {
            "mcConfigId": 128,
            "configDescription": null,
            "configName": null,
            "createdate": "2023-06-20",
            "createuser": 18,
            "formName": "TRANS_LIMIT",
            "isActive": "Y",
            "lastupdatedate": null,
            "lastupdateuser": null,
            "requestType": null,
            "tableName": "TBL_TRANS_LIMIT",
            "updateindex": null
        },
        {
            "mcConfigId": 129,
            "configDescription": null,
            "configName": null,
            "createdate": "2023-06-20",
            "createuser": 18,
            "formName": "USER",
            "isActive": "N",
            "lastupdatedate": "2023-06-20",
            "lastupdateuser": 18,
            "requestType": null,
            "tableName": "TBL_USER",
            "updateindex": 1
        },
        {
            "mcConfigId": 130,
            "configDescription": null,
            "configName": null,
            "createdate": "2023-06-20",
            "createuser": 18,
            "formName": "TRANS_LIMIT",
            "isActive": "Y",
            "lastupdatedate": null,
            "lastupdateuser": null,
            "requestType": null,
            "tableName": "TBL_TRANS_LIMIT",
            "updateindex": null
        },
        {
            "mcConfigId": 131,
            "configDescription": null,
            "configName": null,
            "createdate": "2023-06-20",
            "createuser": 18,
            "formName": "USER",
            "isActive": "N",
            "lastupdatedate": "2023-06-20",
            "lastupdateuser": 18,
            "requestType": null,
            "tableName": "TBL_USER",
            "updateindex": 1
        },
        {
            "mcConfigId": 126,
            "configDescription": null,
            "configName": null,
            "createdate": "2023-06-20",
            "createuser": 18,
            "formName": "TRANS_LIMIT",
            "isActive": "Y",
            "lastupdatedate": null,
            "lastupdateuser": null,
            "requestType": null,
            "tableName": "TBL_TRANS_LIMIT",
            "updateindex": null
        },
        {
            "mcConfigId": 127,
            "configDescription": null,
            "configName": null,
            "createdate": "2023-06-20",
            "createuser": 18,
            "formName": "USER",
            "isActive": "N",
            "lastupdatedate": "2023-06-20",
            "lastupdateuser": 18,
            "requestType": null,
            "tableName": "TBL_USER",
            "updateindex": 1
        },
        {
            "mcConfigId": 122,
            "configDescription": null,
            "configName": null,
            "createdate": "2023-06-20",
            "createuser": 18,
            "formName": "TRANS_LIMIT",
            "isActive": "Y",
            "lastupdatedate": null,
            "lastupdateuser": null,
            "requestType": null,
            "tableName": "TBL_TRANS_LIMIT",
            "updateindex": null
        },
        {
            "mcConfigId": 123,
            "configDescription": null,
            "configName": null,
            "createdate": "2023-06-20",
            "createuser": 18,
            "formName": "USER",
            "isActive": "N",
            "lastupdatedate": "2023-06-20",
            "lastupdateuser": 18,
            "requestType": null,
            "tableName": "TBL_USER",
            "updateindex": 1
        },
        {
            "mcConfigId": 124,
            "configDescription": null,
            "configName": null,
            "createdate": "2023-06-20",
            "createuser": 18,
            "formName": "TRANS_LIMIT",
            "isActive": "Y",
            "lastupdatedate": null,
            "lastupdateuser": null,
            "requestType": null,
            "tableName": "TBL_TRANS_LIMIT",
            "updateindex": null
        },
        {
            "mcConfigId": 125,
            "configDescription": null,
            "configName": null,
            "createdate": "2023-06-20",
            "createuser": 18,
            "formName": "USER",
            "isActive": "N",
            "lastupdatedate": "2023-06-20",
            "lastupdateuser": 18,
            "requestType": null,
            "tableName": "TBL_USER",
            "updateindex": 1
        },
        {
            "mcConfigId": 121,
            "configDescription": null,
            "configName": null,
            "createdate": "2023-06-20",
            "createuser": 18,
            "formName": "USER",
            "isActive": "N",
            "lastupdatedate": "2023-06-20",
            "lastupdateuser": 18,
            "requestType": null,
            "tableName": "TBL_USER",
            "updateindex": 1
        },
        {
            "mcConfigId": 133,
            "configDescription": null,
            "configName": null,
            "createdate": "2023-06-20",
            "createuser": 18,
            "formName": "USER",
            "isActive": "N",
            "lastupdatedate": "2023-06-20",
            "lastupdateuser": 18,
            "requestType": null,
            "tableName": "TBL_USER",
            "updateindex": 1
        },
        {
            "mcConfigId": 120,
            "configDescription": null,
            "configName": null,
            "createdate": "2023-06-20",
            "createuser": 18,
            "formName": "TRANS_LIMIT",
            "isActive": "Y",
            "lastupdatedate": null,
            "lastupdateuser": null,
            "requestType": null,
            "tableName": "TBL_TRANS_LIMIT",
            "updateindex": null
        },
        {
            "mcConfigId": 132,
            "configDescription": null,
            "configName": null,
            "createdate": "2023-06-20",
            "createuser": 18,
            "formName": "TRANS_LIMIT",
            "isActive": "Y",
            "lastupdatedate": null,
            "lastupdateuser": null,
            "requestType": null,
            "tableName": "TBL_TRANS_LIMIT",
            "updateindex": null
        },
        {
            "mcConfigId": 110,
            "configDescription": null,
            "configName": null,
            "createdate": "2023-06-20",
            "createuser": 18,
            "formName": "TRANS_LIMIT",
            "isActive": "Y",
            "lastupdatedate": null,
            "lastupdateuser": null,
            "requestType": null,
            "tableName": "TBL_TRANS_LIMIT",
            "updateindex": null
        },
        {
            "mcConfigId": 111,
            "configDescription": null,
            "configName": null,
            "createdate": "2023-06-20",
            "createuser": 18,
            "formName": "USER",
            "isActive": "N",
            "lastupdatedate": "2023-06-20",
            "lastupdateuser": 18,
            "requestType": null,
            "tableName": "TBL_USER",
            "updateindex": 1
        },
        {
            "mcConfigId": 112,
            "configDescription": null,
            "configName": null,
            "createdate": "2023-06-20",
            "createuser": 18,
            "formName": "TRANS_LIMIT",
            "isActive": "Y",
            "lastupdatedate": null,
            "lastupdateuser": null,
            "requestType": null,
            "tableName": "TBL_TRANS_LIMIT",
            "updateindex": null
        },
        {
            "mcConfigId": 113,
            "configDescription": null,
            "configName": null,
            "createdate": "2023-06-20",
            "createuser": 18,
            "formName": "USER",
            "isActive": "N",
            "lastupdatedate": "2023-06-20",
            "lastupdateuser": 18,
            "requestType": null,
            "tableName": "TBL_USER",
            "updateindex": 1
        },
        {
            "mcConfigId": 114,
            "configDescription": null,
            "configName": null,
            "createdate": "2023-06-20",
            "createuser": 18,
            "formName": "TRANS_LIMIT",
            "isActive": "Y",
            "lastupdatedate": null,
            "lastupdateuser": null,
            "requestType": null,
            "tableName": "TBL_TRANS_LIMIT",
            "updateindex": null
        },
        {
            "mcConfigId": 115,
            "configDescription": null,
            "configName": null,
            "createdate": "2023-06-20",
            "createuser": 18,
            "formName": "USER",
            "isActive": "N",
            "lastupdatedate": "2023-06-20",
            "lastupdateuser": 18,
            "requestType": null,
            "tableName": "TBL_USER",
            "updateindex": 1
        },
        {
            "mcConfigId": 116,
            "configDescription": null,
            "configName": null,
            "createdate": "2023-06-20",
            "createuser": 18,
            "formName": "TRANS_LIMIT",
            "isActive": "Y",
            "lastupdatedate": null,
            "lastupdateuser": null,
            "requestType": null,
            "tableName": "TBL_TRANS_LIMIT",
            "updateindex": null
        },
        {
            "mcConfigId": 117,
            "configDescription": null,
            "configName": null,
            "createdate": "2023-06-20",
            "createuser": 18,
            "formName": "USER",
            "isActive": "N",
            "lastupdatedate": "2023-06-20",
            "lastupdateuser": 18,
            "requestType": null,
            "tableName": "TBL_USER",
            "updateindex": 1
        },
        {
            "mcConfigId": 118,
            "configDescription": null,
            "configName": null,
            "createdate": "2023-06-20",
            "createuser": 18,
            "formName": "TRANS_LIMIT",
            "isActive": "Y",
            "lastupdatedate": null,
            "lastupdateuser": null,
            "requestType": null,
            "tableName": "TBL_TRANS_LIMIT",
            "updateindex": null
        },
        {
            "mcConfigId": 119,
            "configDescription": null,
            "configName": null,
            "createdate": "2023-06-20",
            "createuser": 18,
            "formName": "USER",
            "isActive": "N",
            "lastupdatedate": "2023-06-20",
            "lastupdateuser": 18,
            "requestType": null,
            "tableName": "TBL_USER",
            "updateindex": 1
        },
        {
            "mcConfigId": 108,
            "configDescription": null,
            "configName": null,
            "createdate": "2023-06-20",
            "createuser": 18,
            "formName": "TRANS_LIMIT",
            "isActive": "Y",
            "lastupdatedate": null,
            "lastupdateuser": null,
            "requestType": null,
            "tableName": "TBL_TRANS_LIMIT",
            "updateindex": null
        },
        {
            "mcConfigId": 109,
            "configDescription": null,
            "configName": null,
            "createdate": "2023-06-20",
            "createuser": 18,
            "formName": "USER",
            "isActive": "N",
            "lastupdatedate": "2023-06-20",
            "lastupdateuser": 18,
            "requestType": null,
            "tableName": "TBL_USER",
            "updateindex": 1
        }
    ],
    "errors": null,
    "checkSum": null
}
Target==>{mcConfigId=133, configDescription=null, configName=null, createdate=2023-06-20, createuser=18, formName=USER, isActive=N, lastupdatedate=2023-06-20, lastupdateuser=18, requestType=null, tableName=TBL_USER, updateindex=1}
]]></system-out>
  </testcase>
</testsuite>