<?xml version="1.0" encoding="UTF-8"?>
<testng-results ignored="5" total="8" passed="3" failed="0" skipped="0">
  <reporter-output>
  </reporter-output>
  <suite started-at="2023-06-20T15:42:13 PKT" name="Surefire suite" finished-at="2023-06-20T15:42:18 PKT" duration-ms="5293">
    <groups>
      <group name="Usecase_Managmnet">
        <method signature="UseCaseManagmentTest.createUsecase()[pri:0, instance:com.restassured.usermanagment.api.testcases.UseCaseManagmentTest@35dab4eb]" name="createUsecase" class="com.restassured.usermanagment.api.testcases.UseCaseManagmentTest"/>
        <method signature="UseCaseManagmentTest.getAllUseCases()[pri:0, instance:com.restassured.usermanagment.api.testcases.UseCaseManagmentTest@35dab4eb]" name="getAllUseCases" class="com.restassured.usermanagment.api.testcases.UseCaseManagmentTest"/>
        <method signature="UseCaseManagmentTest.updateUseCase()[pri:0, instance:com.restassured.usermanagment.api.testcases.UseCaseManagmentTest@35dab4eb]" name="updateUseCase" class="com.restassured.usermanagment.api.testcases.UseCaseManagmentTest"/>
      </group> <!-- Usecase_Managmnet -->
    </groups>
    <test started-at="2023-06-20T15:42:13 PKT" name="Surefire test" finished-at="2023-06-20T15:42:18 PKT" duration-ms="5293">
      <class name="com.restassured.usermanagment.api.testcases.UseCaseManagmentTest">
        <test-method is-config="true" signature="beforeMethod()[pri:0, instance:com.restassured.usermanagment.api.testcases.UseCaseManagmentTest@35dab4eb]" started-at="2023-06-20T15:42:13 PKT" name="beforeMethod" finished-at="2023-06-20T15:42:13 PKT" duration-ms="14" status="PASS">
          <reporter-output>
          </reporter-output>
        </test-method> <!-- beforeMethod -->
        <test-method signature="createUsecase()[pri:0, instance:com.restassured.usermanagment.api.testcases.UseCaseManagmentTest@35dab4eb]" started-at="2023-06-20T15:42:13 PKT" name="createUsecase" description="Create Usecase and verify newly created usecase" finished-at="2023-06-20T15:42:17 PKT" duration-ms="3303" status="PASS">
          <reporter-output>
          </reporter-output>
        </test-method> <!-- createUsecase -->
        <test-method is-config="true" signature="beforeMethod()[pri:0, instance:com.restassured.usermanagment.api.testcases.UseCaseManagmentTest@35dab4eb]" started-at="2023-06-20T15:42:17 PKT" name="beforeMethod" finished-at="2023-06-20T15:42:17 PKT" duration-ms="2" status="PASS">
          <reporter-output>
          </reporter-output>
        </test-method> <!-- beforeMethod -->
        <test-method signature="getAllUseCases()[pri:0, instance:com.restassured.usermanagment.api.testcases.UseCaseManagmentTest@35dab4eb]" started-at="2023-06-20T15:42:17 PKT" name="getAllUseCases" description="Get All Usecases" finished-at="2023-06-20T15:42:17 PKT" duration-ms="412" status="PASS">
          <reporter-output>
          </reporter-output>
        </test-method> <!-- getAllUseCases -->
        <test-method is-config="true" signature="beforeMethod()[pri:0, instance:com.restassured.usermanagment.api.testcases.UseCaseManagmentTest@35dab4eb]" started-at="2023-06-20T15:42:17 PKT" name="beforeMethod" finished-at="2023-06-20T15:42:17 PKT" duration-ms="2" status="PASS">
          <reporter-output>
          </reporter-output>
        </test-method> <!-- beforeMethod -->
        <test-method signature="updateUseCase()[pri:0, instance:com.restassured.usermanagment.api.testcases.UseCaseManagmentTest@35dab4eb]" started-at="2023-06-20T15:42:17 PKT" name="updateUseCase" description="Update Usecase and verify Updated usecase" finished-at="2023-06-20T15:42:18 PKT" duration-ms="1443" status="PASS">
          <reporter-output>
          </reporter-output>
        </test-method> <!-- updateUseCase -->
      </class> <!-- com.restassured.usermanagment.api.testcases.UseCaseManagmentTest -->
    </test> <!-- Surefire test -->
  </suite> <!-- Surefire suite -->
</testng-results>
