<?xml version="1.0" encoding="UTF-8"?>
<!-- Generated by org.testng.reporters.JUnitXMLReporter -->
<testsuite ignored="5" hostname="DESKTOP-TMLNJ93" failures="0" tests="3" name="Test" time="19.32" errors="0" timestamp="2023-06-23T11:35:11 PKT">
  <testcase classname="com.restassured.usermanagment.api.testcases.UseCaseManagmentTest" name="createUsecase" time="17.261"/>
  <testcase classname="com.restassured.usermanagment.api.testcases.UseCaseManagmentTest" name="getAllUseCases" time="0.387"/>
  <testcase classname="com.restassured.usermanagment.api.testcases.UseCaseManagmentTest" name="updateUseCase" time="1.482"/>
  <testcase classname="com.restassured.usermanagment.api.testcases.UserManagemantTest" name="Test03" time="0.0">
    <ignored/>
  </testcase> <!-- Test03 -->
  <testcase classname="com.restassured.usermanagment.api.testcases.UserManagemantTest" name="Test02" time="0.0">
    <ignored/>
  </testcase> <!-- Test02 -->
  <testcase classname="com.restassured.usermanagment.api.testcases.UseCaseManagmentTest" name="dbConnection" time="0.0">
    <ignored/>
  </testcase> <!-- dbConnection -->
  <testcase classname="com.restassured.usermanagment.api.testcases.UserManagemantTest" name="Test04" time="0.0">
    <ignored/>
  </testcase> <!-- Test04 -->
  <testcase classname="com.restassured.usermanagment.api.testcases.UserManagemantTest" name="Test01" time="0.0">
    <ignored/>
  </testcase> <!-- Test01 -->
</testsuite> <!-- Test -->
