<?xml version="1.0" encoding="UTF-8"?>
<testng-results ignored="0" total="6" passed="4" failed="2" skipped="0">
  <reporter-output>
  </reporter-output>
  <suite started-at="2023-08-08T10:42:11 PKT" name="Default suite" finished-at="2023-08-08T10:42:21 PKT" duration-ms="9523">
    <groups>
      <group name="CreateTransactionFlow">
        <method signature="CreateTransactionWiseLimitProfile.CreateTransactionflow()[pri:0, instance:com.restassured.limits.api.CreateTransactionWiseLimitProfile@41488b16]" name="CreateTransactionflow" class="com.restassured.limits.api.CreateTransactionWiseLimitProfile"/>
        <method signature="CreateTransactionWiseLimitProfile.Negetive_Create_Transaction_Wise_Limit_Profile()[pri:0, instance:com.restassured.limits.api.CreateTransactionWiseLimitProfile@41488b16]" name="Negetive_Create_Transaction_Wise_Limit_Profile" class="com.restassured.limits.api.CreateTransactionWiseLimitProfile"/>
      </group> <!-- CreateTransactionFlow -->
      <group name="UpdateTransaction">
        <method signature="CreateTransactionWiseLimitProfile.Negetive_Update_Transaction_Api()[pri:0, instance:com.restassured.limits.api.CreateTransactionWiseLimitProfile@41488b16]" name="Negetive_Update_Transaction_Api" class="com.restassured.limits.api.CreateTransactionWiseLimitProfile"/>
      </group> <!-- UpdateTransaction -->
      <group name="InactiveTransactionWiseFlow">
        <method signature="CreateTransactionWiseLimitProfile.Negetive_InactiveTransactionProfile()[pri:0, instance:com.restassured.limits.api.CreateTransactionWiseLimitProfile@41488b16]" name="Negetive_InactiveTransactionProfile" class="com.restassured.limits.api.CreateTransactionWiseLimitProfile"/>
      </group> <!-- InactiveTransactionWiseFlow -->
      <group name="GetAllTransactionWiseFlow">
        <method signature="CreateTransactionWiseLimitProfile.Negetive_Get_All_TransactionWiseLimitProfile()[pri:0, instance:com.restassured.limits.api.CreateTransactionWiseLimitProfile@41488b16]" name="Negetive_Get_All_TransactionWiseLimitProfile" class="com.restassured.limits.api.CreateTransactionWiseLimitProfile"/>
      </group> <!-- GetAllTransactionWiseFlow -->
      <group name="LOOKUPS">
        <method signature="CreateTransactionWiseLimitProfile.LookUpsAPIs()[pri:0, instance:com.restassured.limits.api.CreateTransactionWiseLimitProfile@41488b16]" name="LookUpsAPIs" class="com.restassured.limits.api.CreateTransactionWiseLimitProfile"/>
      </group> <!-- LOOKUPS -->
    </groups>
    <test started-at="2023-08-08T10:42:11 PKT" name="Default test" finished-at="2023-08-08T10:42:21 PKT" duration-ms="9523">
      <class name="com.restassured.limits.api.CreateTransactionWiseLimitProfile">
        <test-method is-config="true" signature="beforeMethod()[pri:0, instance:com.restassured.limits.api.CreateTransactionWiseLimitProfile@41488b16]" started-at="2023-08-08T10:42:12 PKT" name="beforeMethod" finished-at="2023-08-08T10:42:12 PKT" duration-ms="20" status="PASS">
          <reporter-output>
          </reporter-output>
        </test-method> <!-- beforeMethod -->
        <test-method signature="CreateTransactionflow()[pri:0, instance:com.restassured.limits.api.CreateTransactionWiseLimitProfile@41488b16]" started-at="2023-08-08T10:42:12 PKT" name="CreateTransactionflow" description="Create Transaction Profile Limit Flow" finished-at="2023-08-08T10:42:16 PKT" duration-ms="4621" status="FAIL">
          <exception class="java.lang.AssertionError">
            <message>
              <![CDATA[expected [200] but found [400]]]>
            </message>
            <full-stacktrace>
              <![CDATA[java.lang.AssertionError: expected [200] but found [400]
at org.testng.Assert.fail(Assert.java:111)
at org.testng.Assert.failNotEquals(Assert.java:1578)
at org.testng.Assert.assertEqualsImpl(Assert.java:150)
at org.testng.Assert.assertEquals(Assert.java:132)
at org.testng.Assert.assertEquals(Assert.java:1419)
at org.testng.Assert.assertEquals(Assert.java:1383)
at org.testng.Assert.assertEquals(Assert.java:1429)
at com.restassured.limits.api.CreateTransactionWiseLimitProfile.CreateTransactionflow(CreateTransactionWiseLimitProfile.java:334)
at java.base/jdk.internal.reflect.NativeMethodAccessorImpl.invoke0(Native Method)
at java.base/jdk.internal.reflect.NativeMethodAccessorImpl.invoke(NativeMethodAccessorImpl.java:77)
at java.base/jdk.internal.reflect.DelegatingMethodAccessorImpl.invoke(DelegatingMethodAccessorImpl.java:43)
at java.base/java.lang.reflect.Method.invoke(Method.java:568)
at org.testng.internal.invokers.MethodInvocationHelper.invokeMethod(MethodInvocationHelper.java:139)
at org.testng.internal.invokers.TestInvoker.invokeMethod(TestInvoker.java:664)
at org.testng.internal.invokers.TestInvoker.invokeTestMethod(TestInvoker.java:227)
at org.testng.internal.invokers.MethodRunner.runInSequence(MethodRunner.java:50)
at org.testng.internal.invokers.TestInvoker$MethodInvocationAgent.invoke(TestInvoker.java:957)
at org.testng.internal.invokers.TestInvoker.invokeTestMethods(TestInvoker.java:200)
at org.testng.internal.invokers.TestMethodWorker.invokeTestMethods(TestMethodWorker.java:148)
at org.testng.internal.invokers.TestMethodWorker.run(TestMethodWorker.java:128)
at java.base/java.util.ArrayList.forEach(ArrayList.java:1511)
at org.testng.TestRunner.privateRun(TestRunner.java:848)
at org.testng.TestRunner.run(TestRunner.java:621)
at org.testng.SuiteRunner.runTest(SuiteRunner.java:443)
at org.testng.SuiteRunner.runSequentially(SuiteRunner.java:437)
at org.testng.SuiteRunner.privateRun(SuiteRunner.java:397)
at org.testng.SuiteRunner.run(SuiteRunner.java:336)
at org.testng.SuiteRunnerWorker.runSuite(SuiteRunnerWorker.java:52)
at org.testng.SuiteRunnerWorker.run(SuiteRunnerWorker.java:95)
at org.testng.TestNG.runSuitesSequentially(TestNG.java:1280)
at org.testng.TestNG.runSuitesLocally(TestNG.java:1200)
at org.testng.TestNG.runSuites(TestNG.java:1114)
at org.testng.TestNG.run(TestNG.java:1082)
at org.testng.remote.AbstractRemoteTestNG.run(AbstractRemoteTestNG.java:115)
at org.testng.remote.RemoteTestNG.initAndRun(RemoteTestNG.java:251)
at org.testng.remote.RemoteTestNG.main(RemoteTestNG.java:77)
]]>
            </full-stacktrace>
          </exception> <!-- java.lang.AssertionError -->
          <reporter-output>
          </reporter-output>
        </test-method> <!-- CreateTransactionflow -->
        <test-method is-config="true" signature="beforeMethod()[pri:0, instance:com.restassured.limits.api.CreateTransactionWiseLimitProfile@41488b16]" started-at="2023-08-08T10:42:16 PKT" name="beforeMethod" finished-at="2023-08-08T10:42:16 PKT" duration-ms="2" status="PASS">
          <reporter-output>
          </reporter-output>
        </test-method> <!-- beforeMethod -->
        <test-method signature="LookUpsAPIs()[pri:0, instance:com.restassured.limits.api.CreateTransactionWiseLimitProfile@41488b16]" started-at="2023-08-08T10:42:16 PKT" name="LookUpsAPIs" description="LOOK UP APIS" finished-at="2023-08-08T10:42:17 PKT" duration-ms="702" status="FAIL">
          <exception class="java.lang.AssertionError">
            <message>
              <![CDATA[expected [0000] but found [050000]]]>
            </message>
            <full-stacktrace>
              <![CDATA[java.lang.AssertionError: expected [0000] but found [050000]
at org.testng.Assert.fail(Assert.java:111)
at org.testng.Assert.failNotEquals(Assert.java:1578)
at org.testng.Assert.assertEqualsImpl(Assert.java:150)
at org.testng.Assert.assertEquals(Assert.java:132)
at org.testng.Assert.assertEquals(Assert.java:656)
at org.testng.Assert.assertEquals(Assert.java:666)
at com.restassured.limits.api.CreateTransactionWiseLimitProfile.LookUpsAPIs(CreateTransactionWiseLimitProfile.java:59)
at java.base/jdk.internal.reflect.NativeMethodAccessorImpl.invoke0(Native Method)
at java.base/jdk.internal.reflect.NativeMethodAccessorImpl.invoke(NativeMethodAccessorImpl.java:77)
at java.base/jdk.internal.reflect.DelegatingMethodAccessorImpl.invoke(DelegatingMethodAccessorImpl.java:43)
at java.base/java.lang.reflect.Method.invoke(Method.java:568)
at org.testng.internal.invokers.MethodInvocationHelper.invokeMethod(MethodInvocationHelper.java:139)
at org.testng.internal.invokers.TestInvoker.invokeMethod(TestInvoker.java:664)
at org.testng.internal.invokers.TestInvoker.invokeTestMethod(TestInvoker.java:227)
at org.testng.internal.invokers.MethodRunner.runInSequence(MethodRunner.java:50)
at org.testng.internal.invokers.TestInvoker$MethodInvocationAgent.invoke(TestInvoker.java:957)
at org.testng.internal.invokers.TestInvoker.invokeTestMethods(TestInvoker.java:200)
at org.testng.internal.invokers.TestMethodWorker.invokeTestMethods(TestMethodWorker.java:148)
at org.testng.internal.invokers.TestMethodWorker.run(TestMethodWorker.java:128)
at java.base/java.util.ArrayList.forEach(ArrayList.java:1511)
at org.testng.TestRunner.privateRun(TestRunner.java:848)
at org.testng.TestRunner.run(TestRunner.java:621)
at org.testng.SuiteRunner.runTest(SuiteRunner.java:443)
at org.testng.SuiteRunner.runSequentially(SuiteRunner.java:437)
at org.testng.SuiteRunner.privateRun(SuiteRunner.java:397)
at org.testng.SuiteRunner.run(SuiteRunner.java:336)
at org.testng.SuiteRunnerWorker.runSuite(SuiteRunnerWorker.java:52)
at org.testng.SuiteRunnerWorker.run(SuiteRunnerWorker.java:95)
at org.testng.TestNG.runSuitesSequentially(TestNG.java:1280)
at org.testng.TestNG.runSuitesLocally(TestNG.java:1200)
at org.testng.TestNG.runSuites(TestNG.java:1114)
at org.testng.TestNG.run(TestNG.java:1082)
at org.testng.remote.AbstractRemoteTestNG.run(AbstractRemoteTestNG.java:115)
at org.testng.remote.RemoteTestNG.initAndRun(RemoteTestNG.java:251)
at org.testng.remote.RemoteTestNG.main(RemoteTestNG.java:77)
]]>
            </full-stacktrace>
          </exception> <!-- java.lang.AssertionError -->
          <reporter-output>
          </reporter-output>
        </test-method> <!-- LookUpsAPIs -->
        <test-method is-config="true" signature="beforeMethod()[pri:0, instance:com.restassured.limits.api.CreateTransactionWiseLimitProfile@41488b16]" started-at="2023-08-08T10:42:17 PKT" name="beforeMethod" finished-at="2023-08-08T10:42:17 PKT" duration-ms="1" status="PASS">
          <reporter-output>
          </reporter-output>
        </test-method> <!-- beforeMethod -->
        <test-method signature="Negetive_Create_Transaction_Wise_Limit_Profile()[pri:0, instance:com.restassured.limits.api.CreateTransactionWiseLimitProfile@41488b16]" started-at="2023-08-08T10:42:17 PKT" name="Negetive_Create_Transaction_Wise_Limit_Profile" description="Negetive(without auth token) Create Transaction Profile Limit Flow" finished-at="2023-08-08T10:42:17 PKT" duration-ms="477" status="PASS">
          <reporter-output>
          </reporter-output>
        </test-method> <!-- Negetive_Create_Transaction_Wise_Limit_Profile -->
        <test-method is-config="true" signature="beforeMethod()[pri:0, instance:com.restassured.limits.api.CreateTransactionWiseLimitProfile@41488b16]" started-at="2023-08-08T10:42:17 PKT" name="beforeMethod" finished-at="2023-08-08T10:42:17 PKT" duration-ms="1" status="PASS">
          <reporter-output>
          </reporter-output>
        </test-method> <!-- beforeMethod -->
        <test-method signature="Negetive_Get_All_TransactionWiseLimitProfile()[pri:0, instance:com.restassured.limits.api.CreateTransactionWiseLimitProfile@41488b16]" started-at="2023-08-08T10:42:17 PKT" name="Negetive_Get_All_TransactionWiseLimitProfile" description="Negetive(without auth token) Get All Transaction WiseFlow" finished-at="2023-08-08T10:42:19 PKT" duration-ms="1207" status="PASS">
          <reporter-output>
          </reporter-output>
        </test-method> <!-- Negetive_Get_All_TransactionWiseLimitProfile -->
        <test-method is-config="true" signature="beforeMethod()[pri:0, instance:com.restassured.limits.api.CreateTransactionWiseLimitProfile@41488b16]" started-at="2023-08-08T10:42:19 PKT" name="beforeMethod" finished-at="2023-08-08T10:42:19 PKT" duration-ms="1" status="PASS">
          <reporter-output>
          </reporter-output>
        </test-method> <!-- beforeMethod -->
        <test-method signature="Negetive_InactiveTransactionProfile()[pri:0, instance:com.restassured.limits.api.CreateTransactionWiseLimitProfile@41488b16]" started-at="2023-08-08T10:42:19 PKT" name="Negetive_InactiveTransactionProfile" description="Negetive(without auth token) Inactive Transaction WiseFlow" finished-at="2023-08-08T10:42:20 PKT" duration-ms="916" status="PASS">
          <reporter-output>
          </reporter-output>
        </test-method> <!-- Negetive_InactiveTransactionProfile -->
        <test-method is-config="true" signature="beforeMethod()[pri:0, instance:com.restassured.limits.api.CreateTransactionWiseLimitProfile@41488b16]" started-at="2023-08-08T10:42:20 PKT" name="beforeMethod" finished-at="2023-08-08T10:42:20 PKT" duration-ms="1" status="PASS">
          <reporter-output>
          </reporter-output>
        </test-method> <!-- beforeMethod -->
        <test-method signature="Negetive_Update_Transaction_Api()[pri:0, instance:com.restassured.limits.api.CreateTransactionWiseLimitProfile@41488b16]" started-at="2023-08-08T10:42:20 PKT" name="Negetive_Update_Transaction_Api" description="Negetive(without auth token) Update Transaction WiseFlow" finished-at="2023-08-08T10:42:21 PKT" duration-ms="1390" status="PASS">
          <reporter-output>
          </reporter-output>
        </test-method> <!-- Negetive_Update_Transaction_Api -->
      </class> <!-- com.restassured.limits.api.CreateTransactionWiseLimitProfile -->
    </test> <!-- Default test -->
  </suite> <!-- Default suite -->
</testng-results>
