<?xml version="1.0" encoding="UTF-8"?>
<testng-results ignored="0" total="3" passed="3" failed="0" skipped="0">
  <reporter-output>
  </reporter-output>
  <suite started-at="2023-06-23T11:34:52 PKT" name="FrameWork" finished-at="2023-06-23T11:35:11 PKT" duration-ms="19320">
    <groups>
      <group name="Usecase_Managmnet">
        <method signature="UseCaseManagmentTest.createUsecase()[pri:0, instance:com.restassured.usermanagment.api.testcases.UseCaseManagmentTest@4c5ae43b]" name="createUsecase" class="com.restassured.usermanagment.api.testcases.UseCaseManagmentTest"/>
        <method signature="UseCaseManagmentTest.getAllUseCases()[pri:0, instance:com.restassured.usermanagment.api.testcases.UseCaseManagmentTest@4c5ae43b]" name="getAllUseCases" class="com.restassured.usermanagment.api.testcases.UseCaseManagmentTest"/>
        <method signature="UseCaseManagmentTest.updateUseCase()[pri:0, instance:com.restassured.usermanagment.api.testcases.UseCaseManagmentTest@4c5ae43b]" name="updateUseCase" class="com.restassured.usermanagment.api.testcases.UseCaseManagmentTest"/>
      </group> <!-- Usecase_Managmnet -->
    </groups>
    <test started-at="2023-06-23T11:34:52 PKT" name="Test" finished-at="2023-06-23T11:35:11 PKT" duration-ms="19320">
      <class name="com.restassured.usermanagment.api.testcases.UseCaseManagmentTest">
        <test-method is-config="true" signature="beforeMethod()[pri:0, instance:com.restassured.usermanagment.api.testcases.UseCaseManagmentTest@4c5ae43b]" started-at="2023-06-23T11:34:52 PKT" name="beforeMethod" finished-at="2023-06-23T11:34:52 PKT" duration-ms="17" status="PASS">
          <reporter-output>
          </reporter-output>
        </test-method> <!-- beforeMethod -->
        <test-method signature="createUsecase()[pri:0, instance:com.restassured.usermanagment.api.testcases.UseCaseManagmentTest@4c5ae43b]" started-at="2023-06-23T11:34:52 PKT" name="createUsecase" description="Create Usecase and verify newly created usecase" finished-at="2023-06-23T11:35:10 PKT" duration-ms="17261" status="PASS">
          <reporter-output>
          </reporter-output>
        </test-method> <!-- createUsecase -->
        <test-method is-config="true" signature="beforeMethod()[pri:0, instance:com.restassured.usermanagment.api.testcases.UseCaseManagmentTest@4c5ae43b]" started-at="2023-06-23T11:35:10 PKT" name="beforeMethod" finished-at="2023-06-23T11:35:10 PKT" duration-ms="1" status="PASS">
          <reporter-output>
          </reporter-output>
        </test-method> <!-- beforeMethod -->
        <test-method signature="getAllUseCases()[pri:0, instance:com.restassured.usermanagment.api.testcases.UseCaseManagmentTest@4c5ae43b]" started-at="2023-06-23T11:35:10 PKT" name="getAllUseCases" description="Get All Usecases" finished-at="2023-06-23T11:35:10 PKT" duration-ms="387" status="PASS">
          <reporter-output>
          </reporter-output>
        </test-method> <!-- getAllUseCases -->
        <test-method is-config="true" signature="beforeMethod()[pri:0, instance:com.restassured.usermanagment.api.testcases.UseCaseManagmentTest@4c5ae43b]" started-at="2023-06-23T11:35:10 PKT" name="beforeMethod" finished-at="2023-06-23T11:35:10 PKT" duration-ms="2" status="PASS">
          <reporter-output>
          </reporter-output>
        </test-method> <!-- beforeMethod -->
        <test-method signature="updateUseCase()[pri:0, instance:com.restassured.usermanagment.api.testcases.UseCaseManagmentTest@4c5ae43b]" started-at="2023-06-23T11:35:10 PKT" name="updateUseCase" description="Update Usecase and verify Updated usecase" finished-at="2023-06-23T11:35:11 PKT" duration-ms="1482" status="PASS">
          <reporter-output>
          </reporter-output>
        </test-method> <!-- updateUseCase -->
      </class> <!-- com.restassured.usermanagment.api.testcases.UseCaseManagmentTest -->
    </test> <!-- Test -->
  </suite> <!-- FrameWork -->
</testng-results>
