<?xml version="1.0" encoding="UTF-8"?>
<!-- Generated by org.testng.reporters.JUnitXMLReporter -->
<testsuite ignored="0" hostname="DESKTOP-8QIQ87H" failures="0" tests="13" name="Demo API Tests" time="13.747" errors="0" timestamp="2023-06-12T10:46:43 PKT">
  <testcase classname="com.restassured.demo.api.testcases.APITest" name="test_01" time="0.813"/>
  <testcase classname="com.restassured.demo.api.testcases.APITest" name="test_02" time="0.545"/>
  <testcase classname="com.restassured.demo.api.testcases.APITest" name="test_03" time="0.407"/>
  <testcase classname="com.restassured.demo.api.testcases.APITest" name="test_04" time="1.035"/>
  <testcase classname="com.restassured.demo.api.testcases.APITest" name="test_05" time="0.862"/>
  <testcase classname="com.restassured.demo.api.testcases.APITest" name="test_06" time="0.04"/>
  <testcase classname="com.restassured.demo.api.testcases.APITest" name="test_07" time="0.003"/>
  <testcase classname="com.restassured.demo.api.testcases.APITest" name="test_08" time="1.357"/>
  <testcase classname="com.restassured.demo.api.testcases.AuthApiTest" name="test_00" time="1.004"/>
  <testcase classname="com.restassured.demo.api.testcases.AuthApiTest" name="test_01" time="1.806"/>
  <testcase classname="com.restassured.demo.api.testcases.AuthApiTest" name="test_02" time="0.539"/>
  <testcase classname="com.restassured.demo.api.testcases.AuthApiTest" name="test_03" time="0.575"/>
  <testcase classname="com.restassured.demo.api.testcases.AuthApiTest" name="test_04" time="0.01"/>
</testsuite> <!-- Demo API Tests -->
