<?xml version="1.0" encoding="UTF-8"?>
<!-- Generated by org.testng.reporters.JUnitXMLReporter -->
<testsuite ignored="0" hostname="DESKTOP-8QIQ87H" failures="0" tests="3" name="UI Test" time="10.152" errors="0" timestamp="2023-06-12T10:46:53 PKT">
  <testcase classname="com.restassured.google.ui.testcases.GoogleTest" name="test0Function" time="4.626"/>
  <testcase classname="com.restassured.google.ui.testcases.GoogleTest" name="test1Function" time="2.337"/>
  <testcase classname="com.restassured.google.ui.testcases.GoogleTest" name="testFunction" time="3.174"/>
</testsuite> <!-- UI Test -->
