<?xml version="1.0" encoding="UTF-8"?>
<!-- Generated by org.testng.reporters.JUnitXMLReporter -->
<testsuite ignored="0" hostname="DESKTOP-8QIQ87H" failures="0" tests="4" name="UserManagement API Testcases" time="0.475" errors="0" timestamp="2023-06-12T10:46:54 PKT">
  <testcase classname="com.restassured.usermanagment.api.testcases.UserManagemantTest" name="Test01" time="0.0">
    <skipped/>
  </testcase> <!-- Test01 -->
  <testcase classname="com.restassured.usermanagment.api.testcases.UserManagemantTest" name="Test02" time="0.0">
    <skipped/>
  </testcase> <!-- Test02 -->
  <testcase classname="com.restassured.usermanagment.api.testcases.UserManagemantTest" name="Test03" time="0.0">
    <skipped/>
  </testcase> <!-- Test03 -->
  <testcase classname="com.restassured.usermanagment.api.testcases.UserManagemantTest" name="Test04" time="0.0">
    <skipped/>
  </testcase> <!-- Test04 -->
</testsuite> <!-- UserManagement API Testcases -->
